i:\vs2015\c++ 数据结构\人脸老化模拟\人脸老化模拟\debug\vc140.pdb
i:\vs2015\c++ 数据结构\人脸老化模拟\人脸老化模拟\debug\vc140.idb
i:\vs2015\c++ 数据结构\人脸老化模拟\人脸老化模拟\debug\aam_basic.obj
i:\vs2015\c++ 数据结构\人脸老化模拟\人脸老化模拟\debug\aam_cam.obj
i:\vs2015\c++ 数据结构\人脸老化模拟\人脸老化模拟\debug\aam_ic.obj
i:\vs2015\c++ 数据结构\人脸老化模拟\人脸老化模拟\debug\aam_paw.obj
i:\vs2015\c++ 数据结构\人脸老化模拟\人脸老化模拟\debug\aam_pdm.obj
i:\vs2015\c++ 数据结构\人脸老化模拟\人脸老化模拟\debug\aam_shape.obj
i:\vs2015\c++ 数据结构\人脸老化模拟\人脸老化模拟\debug\aam_tdm.obj
i:\vs2015\c++ 数据结构\人脸老化模拟\人脸老化模拟\debug\aam_util.obj
i:\vs2015\c++ 数据结构\人脸老化模拟\人脸老化模拟\debug\aam_vjfacedetect.obj
i:\vs2015\c++ 数据结构\人脸老化模拟\人脸老化模拟\debug\ageestimation.obj
i:\vs2015\c++ 数据结构\人脸老化模拟\人脸老化模拟\debug\facepredict.obj
i:\vs2015\c++ 数据结构\人脸老化模拟\人脸老化模拟\debug\main.obj
i:\vs2015\c++ 数据结构\人脸老化模拟\debug\人脸老化模拟.pdb
i:\vs2015\c++ 数据结构\人脸老化模拟\人脸老化模拟\debug\人脸老化模拟.tlog\cl.command.1.tlog
i:\vs2015\c++ 数据结构\人脸老化模拟\人脸老化模拟\debug\人脸老化模拟.tlog\cl.read.1.tlog
i:\vs2015\c++ 数据结构\人脸老化模拟\人脸老化模拟\debug\人脸老化模拟.tlog\cl.write.1.tlog
i:\vs2015\c++ 数据结构\人脸老化模拟\人脸老化模拟\debug\人脸老化模拟.tlog\link-cvtres.read.1.tlog
i:\vs2015\c++ 数据结构\人脸老化模拟\人脸老化模拟\debug\人脸老化模拟.tlog\link-cvtres.write.1.tlog
i:\vs2015\c++ 数据结构\人脸老化模拟\人脸老化模拟\debug\人脸老化模拟.tlog\link-rc.read.1.tlog
i:\vs2015\c++ 数据结构\人脸老化模拟\人脸老化模拟\debug\人脸老化模拟.tlog\link-rc.write.1.tlog
i:\vs2015\c++ 数据结构\人脸老化模拟\人脸老化模拟\debug\人脸老化模拟.tlog\link.command.1.tlog
i:\vs2015\c++ 数据结构\人脸老化模拟\人脸老化模拟\debug\人脸老化模拟.tlog\link.read.1.tlog
i:\vs2015\c++ 数据结构\人脸老化模拟\人脸老化模拟\debug\人脸老化模拟.tlog\link.write.1.tlog
