  AAM_Basic.cpp
i:\vs2015\c++ 数据结构\人脸老化模拟\人脸老化模拟\AAM_Util.h(48): fatal error C1083: Cannot open include file: 'opencv2/core/core.hpp': No such file or directory
  AAM_CAM.cpp
i:\vs2015\c++ 数据结构\人脸老化模拟\人脸老化模拟\AAM_Util.h(48): fatal error C1083: Cannot open include file: 'opencv2/core/core.hpp': No such file or directory
  AAM_IC.cpp
i:\vs2015\c++ 数据结构\人脸老化模拟\人脸老化模拟\AAM_Util.h(48): fatal error C1083: Cannot open include file: 'opencv2/core/core.hpp': No such file or directory
  AAM_PAW.cpp
i:\vs2015\c++ 数据结构\人脸老化模拟\人脸老化模拟\AAM_Util.h(48): fatal error C1083: Cannot open include file: 'opencv2/core/core.hpp': No such file or directory
  AAM_PDM.cpp
i:\vs2015\c++ 数据结构\人脸老化模拟\人脸老化模拟\AAM_Util.h(48): fatal error C1083: Cannot open include file: 'opencv2/core/core.hpp': No such file or directory
  AAM_Shape.cpp
i:\vs2015\c++ 数据结构\人脸老化模拟\人脸老化模拟\AAM_Util.h(48): fatal error C1083: Cannot open include file: 'opencv2/core/core.hpp': No such file or directory
  AAM_TDM.cpp
i:\vs2015\c++ 数据结构\人脸老化模拟\人脸老化模拟\AAM_Util.h(48): fatal error C1083: Cannot open include file: 'opencv2/core/core.hpp': No such file or directory
  AAM_Util.cpp
i:\vs2015\c++ 数据结构\人脸老化模拟\人脸老化模拟\AAM_Util.h(48): fatal error C1083: Cannot open include file: 'opencv2/core/core.hpp': No such file or directory
  AAM_VJFaceDetect.cpp
i:\vs2015\c++ 数据结构\人脸老化模拟\人脸老化模拟\AAM_Util.h(48): fatal error C1083: Cannot open include file: 'opencv2/core/core.hpp': No such file or directory
  AgeEstimation.cpp
AgeEstimation.cpp : warning C4819: The file contains a character that cannot be represented in the current code page (936). Save the file in Unicode format to prevent data loss
i:\vs2015\c++ 数据结构\人脸老化模拟\人脸老化模拟\AgeEstimation.h(16): fatal error C1083: Cannot open include file: 'opencv2/ml/ml.hpp': No such file or directory
  FacePredict.cpp
i:\vs2015\c++ 数据结构\人脸老化模拟\人脸老化模拟\AAM_Util.h(48): fatal error C1083: Cannot open include file: 'opencv2/core/core.hpp': No such file or directory
  main.cpp
main.cpp(16): fatal error C1083: Cannot open include file: 'opencv/highgui.h': No such file or directory
